<?xml version="1.0" encoding="UTF-8"?>
<!-- Generated by org.testng.reporters.JUnitReportReporter -->
<testsuite hostname="DESKTOP-NQ83CF5" failures="0" tests="7" name="tests.CompareImage1" time="35.730" errors="0" timestamp="2024-04-18T14:52:39 IST" skipped="0">
  <testcase classname="tests.CompareImage1" name="test_forDiff2AndFullPage" time="5.991"/>
  <system-out/>
  <testcase classname="tests.CompareImage1" name="validatingForDifferentElemnt" time="6.351"/>
  <system-out/>
  <testcase classname="tests.CompareImage1" name="testComparePageusingRefrenceImage" time="6.064"/>
  <system-out/>
  <testcase classname="tests.CompareImage1" name="validatingForComparisonbetweenBaseImageAndActionElement" time="4.456"/>
  <system-out/>
  <testcase classname="tests.CompareImage1" name="validatingForSameScreenshot" time="4.210"/>
  <system-out/>
  <testcase classname="tests.CompareImage1" name="validatingForDifferentPages" time="4.749"/>
  <system-out/>
  <testcase classname="tests.CompareImage1" name="validatingForSameElements" time="3.909"/>
  <system-out/>
</testsuite> <!-- tests.CompareImage1 -->
