<?xml version="1.0" encoding="UTF-8"?>
<!-- Generated by org.testng.reporters.JUnitReportReporter -->
<testsuite hostname="DESKTOP-NQ83CF5" failures="0" tests="6" name="tests.CompareImage1" time="43.464" errors="0" timestamp="2024-04-15T12:54:16 IST" skipped="0">
  <testcase classname="tests.CompareImage1" name="validatingForSameElements" time="4.413"/>
  <system-out/>
  <testcase classname="tests.CompareImage1" name="validatingForDifferentElemnt" time="5.882"/>
  <system-out/>
  <testcase classname="tests.CompareImage1" name="validatingForDifferentPages" time="5.317"/>
  <system-out/>
  <testcase classname="tests.CompareImage1" name="validatingForSameScreenshot" time="6.910"/>
  <system-out/>
  <testcase classname="tests.CompareImage1" name="testComparePageScreenshot" time="14.745"/>
  <system-out/>
  <testcase classname="tests.CompareImage1" name="validatingForDifferentElemnt2" time="6.197"/>
  <system-out/>
</testsuite> <!-- tests.CompareImage1 -->
