<?xml version="1.0" encoding="UTF-8"?>
<!-- Generated by org.testng.reporters.JUnitReportReporter -->
<testsuite hostname="DESKTOP-NQ83CF5" failures="0" tests="1" name="tests.WebElementScreenshot" time="8.314" errors="0" timestamp="2024-04-15T15:10:42 IST" skipped="0">
  <testcase classname="tests.WebElementScreenshot" name="setup" time="8.314"/>
  <system-out/>
</testsuite> <!-- tests.WebElementScreenshot -->
