<?xml version="1.0" encoding="UTF-8"?>
<!-- Generated by org.testng.reporters.JUnitReportReporter -->
<testsuite hostname="DESKTOP-NQ83CF5" failures="0" tests="6" name="tests.CompareImage1" time="22.023" errors="0" timestamp="2024-04-15T14:42:02 IST" skipped="0">
  <testcase classname="tests.CompareImage1" name="validatingForDifferentPages" time="3.761"/>
  <system-out/>
  <testcase classname="tests.CompareImage1" name="validatingForDifferentElemnt" time="4.988"/>
  <system-out/>
  <testcase classname="tests.CompareImage1" name="validatingForSameScreenshot" time="2.848"/>
  <system-out/>
  <testcase classname="tests.CompareImage1" name="validatingForSameElements" time="3.051"/>
  <system-out/>
  <testcase classname="tests.CompareImage1" name="testComparePageScreenshot" time="4.269"/>
  <system-out/>
  <testcase classname="tests.CompareImage1" name="validatingForDifferentElemnt2" time="3.106"/>
  <system-out/>
</testsuite> <!-- tests.CompareImage1 -->
