<?xml version="1.0" encoding="UTF-8"?>
<!-- Generated by org.testng.reporters.JUnitReportReporter -->
<testsuite hostname="DESKTOP-NQ83CF5" failures="0" tests="7" name="tests.CompareImage1" time="124.162" errors="0" timestamp="2024-04-17T16:34:13 IST" skipped="0">
  <testcase classname="tests.CompareImage1" name="validatingForDifferentPages" time="10.997"/>
  <system-out/>
  <testcase classname="tests.CompareImage1" name="testComparePageusingRefrenceImage" time="9.947"/>
  <system-out/>
  <testcase classname="tests.CompareImage1" name="validatingForSameElements" time="23.616"/>
  <system-out/>
  <testcase classname="tests.CompareImage1" name="test_forDiff2AndFullPage" time="44.652"/>
  <system-out/>
  <testcase classname="tests.CompareImage1" name="validatingForSameScreenshot" time="13.526"/>
  <system-out/>
  <testcase classname="tests.CompareImage1" name="validatingForDifferentElemnt" time="12.596"/>
  <system-out/>
  <testcase classname="tests.CompareImage1" name="validatingForComparisonbetweenBaseImageAndActionElement" time="8.828"/>
  <system-out/>
</testsuite> <!-- tests.CompareImage1 -->
