<?xml version="1.0" encoding="UTF-8"?>
<!-- Generated by org.testng.reporters.JUnitReportReporter -->
<testsuite hostname="DESKTOP-NQ83CF5" failures="0" tests="1" name="tests.CompareUsingWebDrivers" time="5.848" errors="0" timestamp="2024-04-18T14:43:59 IST" skipped="0">
  <testcase classname="tests.CompareUsingWebDrivers" name="compareImages" time="5.848"/>
  <system-out/>
</testsuite> <!-- tests.CompareUsingWebDrivers -->
