<?xml version="1.0" encoding="UTF-8"?>
<!-- Generated by org.testng.reporters.JUnitReportReporter -->
<testsuite hostname="DESKTOP-NQ83CF5" failures="0" tests="1" name="tests.CompareUsingWebDrivers" time="2.637" errors="0" timestamp="2024-04-17T15:17:02 IST" skipped="0">
  <testcase classname="tests.CompareUsingWebDrivers" name="compareImages" time="2.637"/>
  <system-out/>
</testsuite> <!-- tests.CompareUsingWebDrivers -->
