<?xml version="1.0" encoding="UTF-8"?>
<!-- Generated by org.testng.reporters.JUnitReportReporter -->
<testsuite hostname="DESKTOP-NQ83CF5" failures="0" tests="7" name="tests.CompareImage1" time="34.298" errors="0" timestamp="2024-04-18T14:43:59 IST" skipped="0">
  <testcase classname="tests.CompareImage1" name="validatingForDifferentElemnt" time="6.911"/>
  <system-out/>
  <testcase classname="tests.CompareImage1" name="validatingForDifferentPages" time="4.898"/>
  <system-out/>
  <testcase classname="tests.CompareImage1" name="validatingForSameElements" time="4.083"/>
  <system-out/>
  <testcase classname="tests.CompareImage1" name="validatingForComparisonbetweenBaseImageAndActionElement" time="4.233"/>
  <system-out/>
  <testcase classname="tests.CompareImage1" name="validatingForSameScreenshot" time="3.934"/>
  <system-out/>
  <testcase classname="tests.CompareImage1" name="testComparePageusingRefrenceImage" time="5.527"/>
  <system-out/>
  <testcase classname="tests.CompareImage1" name="test_forDiff2AndFullPage" time="4.712"/>
  <system-out/>
</testsuite> <!-- tests.CompareImage1 -->
