<?xml version="1.0" encoding="UTF-8"?>
<!-- Generated by org.testng.reporters.JUnitReportReporter -->
<testsuite hostname="DESKTOP-NQ83CF5" failures="0" tests="7" name="tests.CompareImage1" time="138.561" errors="0" timestamp="2024-04-17T15:17:02 IST" skipped="0">
  <testcase classname="tests.CompareImage1" name="validatingForComparisonbetweenBaseImageAndActionElement" time="9.184"/>
  <system-out/>
  <testcase classname="tests.CompareImage1" name="testComparePageusingRefrenceImage" time="12.883"/>
  <system-out/>
  <testcase classname="tests.CompareImage1" name="validatingForDifferentElemnt" time="22.202"/>
  <system-out/>
  <testcase classname="tests.CompareImage1" name="validatingForDifferentPages" time="33.614"/>
  <system-out/>
  <testcase classname="tests.CompareImage1" name="validatingForSameElements" time="41.491"/>
  <system-out/>
  <testcase classname="tests.CompareImage1" name="validatingForSameScreenshot" time="8.447"/>
  <system-out/>
  <testcase classname="tests.CompareImage1" name="test_forDiff2AndFullPage" time="10.740"/>
  <system-out/>
</testsuite> <!-- tests.CompareImage1 -->
